Traceback (most recent call last):
  File "c:\users\fatihul umam\appdata\local\programs\python\python39\lib\site-packages\jupyter_core\utils\__init__.py", line 154, in wrapped
    asyncio.get_running_loop()
RuntimeError: no running event loop

During handling of the above exception, another exception occurred:

Traceback (most recent call last):
  File "c:\users\fatihul umam\appdata\local\programs\python\python39\lib\site-packages\jupyter_cache\executors\utils.py", line 58, in single_nb_execution
    executenb(
  File "c:\users\fatihul umam\appdata\local\programs\python\python39\lib\site-packages\nbclient\client.py", line 1319, in execute
    return NotebookClient(nb=nb, resources=resources, km=km, **kwargs).execute()
  File "c:\users\fatihul umam\appdata\local\programs\python\python39\lib\site-packages\jupyter_core\utils\__init__.py", line 158, in wrapped
    return loop.run_until_complete(inner)
  File "c:\users\fatihul umam\appdata\local\programs\python\python39\lib\asyncio\base_events.py", line 642, in run_until_complete
    return future.result()
  File "c:\users\fatihul umam\appdata\local\programs\python\python39\lib\site-packages\nbclient\client.py", line 709, in async_execute
    await self.async_execute_cell(
  File "c:\users\fatihul umam\appdata\local\programs\python\python39\lib\site-packages\nbclient\client.py", line 1062, in async_execute_cell
    await self._check_raise_for_error(cell, cell_index, exec_reply)
  File "c:\users\fatihul umam\appdata\local\programs\python\python39\lib\site-packages\nbclient\client.py", line 918, in _check_raise_for_error
    raise CellExecutionError.from_cell_and_msg(cell, exec_reply_content)
nbclient.exceptions.CellExecutionError: An error occurred while executing the following cell:
------------------
import pandas as pd
from scipy import stats

# Membaca data
df = pd.read_csv("data/IRIS.csv", usecols=[0])
df.columns = ['sepal_length']

# Statistik deskriptif
print("Jumlah data      :", df['sepal_length'].count())
print("Rata-rata        :", df['sepal_length'].mean())
print("Nilai minimum    :", df['sepal_length'].min())
print("Q1               :", df['sepal_length'].quantile(0.25))
print("Median (Q2)      :", df['sepal_length'].quantile(0.5))
print("Q3               :", df['sepal_length'].quantile(0.75))
print("Nilai maksimum   :", df['sepal_length'].max())

# Modus
mode = stats.mode(df['sepal_length'], keepdims=True)
print("Modus            :", mode.mode[0])
print("Frekuensi modus  :", mode.count[0])

# Variasi data
print("Standar deviasi  :", df['sepal_length'].std())
print("Variansi         :", df['sepal_length'].var())
------------------


[1;31m---------------------------------------------------------------------------[0m
[1;31mModuleNotFoundError[0m                       Traceback (most recent call last)
Cell [1;32mIn[1], line 1[0m
[1;32m----> 1[0m [38;5;28;01mimport[39;00m[38;5;250m [39m[38;5;21;01mpandas[39;00m[38;5;250m [39m[38;5;28;01mas[39;00m[38;5;250m [39m[38;5;21;01mpd[39;00m
[0;32m      2[0m [38;5;28;01mfrom[39;00m[38;5;250m [39m[38;5;21;01mscipy[39;00m[38;5;250m [39m[38;5;28;01mimport[39;00m stats
[0;32m      4[0m [38;5;66;03m# Membaca data[39;00m

[1;31mModuleNotFoundError[0m: No module named 'pandas'

